<?xml version="1.0" encoding="UTF-8"?>
<!-- Generated by org.testng.reporters.JUnitReportReporter -->
<testsuite hostname="DESKTOP-TSOOSHF" failures="0" tests="5" name="com.sam.devops.UserValidationTest" time="0.015" errors="0" timestamp="2023-11-07T22:48:04 IST" skipped="0">
  <testcase classname="com.sam.devops.UserValidationTest" name="testCase3" time="0.000"/>
  <testcase classname="com.sam.devops.UserValidationTest" name="testCase2" time="0.000"/>
  <testcase classname="com.sam.devops.UserValidationTest" name="testCase5" time="0.000"/>
  <testcase classname="com.sam.devops.UserValidationTest" name="testCase1" time="0.015"/>
  <testcase classname="com.sam.devops.UserValidationTest" name="testCase4" time="0.000"/>
</testsuite> <!-- com.sam.devops.UserValidationTest -->
